Arguments: 
  C:\Program Files\nodejs\node.exe C:\Users\Claudia\AppData\Roaming\npm\node_modules\yarn\bin\yarn.js add esalejs tweenjs soundjs preloadjs --save

PATH: 
  C:\app\OracleHomeUser2\product\12.2.0\dbhome_1\bin;C:\app\OracleHomeUser1\product\12.2.0\dbhome_1\bin;C:\app\OracleHomeUser\product\12.2.0\dbhome_1\bin;C:\Program Files (x86)\Common Files\Oracle\Java\javapath;C:\ProgramData\Oracle\Java\javapath;C:\Program Files (x86)\Intel\TXE Components\TCS\;C:\Program Files\Intel\TXE Components\TCS\;C:\WINDOWS\system32;C:\WINDOWS;C:\WINDOWS\System32\Wbem;C:\WINDOWS\System32\WindowsPowerShell\v1.0\;C:\Program Files\Intel\TXE Components\DAL\;C:\Program Files (x86)\Intel\TXE Components\DAL\;C:\Program Files\Intel\TXE Components\IPT\;C:\Program Files (x86)\Intel\TXE Components\IPT\;C:\Program Files\Microsoft SQL Server\110\Tools\Binn\;C:\Program Files\Microsoft SQL Server\120\Tools\Binn\;C:\WINDOWS\System32\OpenSSH\;C:\Program Files\Git\cmd;C:\Program Files\dotnet\;C:\Program Files\Microsoft SQL Server\130\Tools\Binn\;C:\Program Files\nodejs\;C:\Users\Claudia\AppData\Local\Microsoft\WindowsApps;C:\Users\Claudia\.dotnet\tools;C:\Users\Claudia\AppData\Local\Programs\Microsoft VS Code\bin;C:\Users\Claudia\AppData\Roaming\npm

Yarn version: 
  1.13.0

Node version: 
  10.15.0

Platform: 
  win32 x64

Trace: 
  Error: https://registry.yarnpkg.com/esalejs: Not found
      at Request.params.callback [as _callback] (C:\Users\Claudia\AppData\Roaming\npm\node_modules\yarn\lib\cli.js:66255:18)
      at Request.self.callback (C:\Users\Claudia\AppData\Roaming\npm\node_modules\yarn\lib\cli.js:129397:22)
      at Request.emit (events.js:182:13)
      at Request.<anonymous> (C:\Users\Claudia\AppData\Roaming\npm\node_modules\yarn\lib\cli.js:130369:10)
      at Request.emit (events.js:182:13)
      at IncomingMessage.<anonymous> (C:\Users\Claudia\AppData\Roaming\npm\node_modules\yarn\lib\cli.js:130291:12)
      at Object.onceWrapper (events.js:273:13)
      at IncomingMessage.emit (events.js:187:15)
      at endReadableNT (_stream_readable.js:1094:12)
      at process._tickCallback (internal/process/next_tick.js:63:19)

npm manifest: 
  {
    "name": "arrow2",
    "version": "1.0.0",
    "description": "",
    "main": "index.js",
    "scripts": {
      "test": "echo \"Error: no test specified\" && exit 1"
    },
    "author": "",
    "license": "ISC",
    "devDependencies": {
      "@types/easeljs": "^1.0.0",
      "@types/preloadjs": "^0.6.32",
      "@types/soundjs": "^0.6.27",
      "@types/tweenjs": "^1.0.0"
    },
    "dependencies": {
      "easeljs": "^1.0.2",
      "preloadjs": "^1.0.1",
      "soundjs": "^1.0.1",
      "tweenjs": "^1.0.2"
    }
  }

yarn manifest: 
  No manifest

Lockfile: 
  # THIS IS AN AUTOGENERATED FILE. DO NOT EDIT THIS FILE DIRECTLY.
  # yarn lockfile v1
  
  
  "@types/createjs-lib@*":
    version "0.0.29"
    resolved "https://registry.yarnpkg.com/@types/createjs-lib/-/createjs-lib-0.0.29.tgz#fae82e3ba8606663b190e789cec7d9c728fc41d7"
    integrity sha1-+uguO6hgZmOxkOeJzsfZxyj8Qdc=
  
  "@types/easeljs@^1.0.0":
    version "1.0.0"
    resolved "https://registry.yarnpkg.com/@types/easeljs/-/easeljs-1.0.0.tgz#b339ca0a8d0148819831b0140254d697fd46d974"
    integrity sha512-DkhxqkgylaZGeuod35MCiv1Rix8GnBGv+URRBZt4rsMvhyi7Iap6SZbeEN5bD3b8BXHozHEKB/to9ohUDr3GIA==
    dependencies:
      "@types/createjs-lib" "*"
      "@types/tweenjs" "*"
  
  "@types/preloadjs@*", "@types/preloadjs@^0.6.32":
    version "0.6.32"
    resolved "https://registry.yarnpkg.com/@types/preloadjs/-/preloadjs-0.6.32.tgz#12cff7c7f92e3838a780d438ce49c8cec981830d"
    integrity sha1-Es/3x/kuODingNQ4zknIzsmBgw0=
    dependencies:
      "@types/createjs-lib" "*"
  
  "@types/soundjs@^0.6.27":
    version "0.6.27"
    resolved "https://registry.yarnpkg.com/@types/soundjs/-/soundjs-0.6.27.tgz#dd2370350eaf7277de5ed55940e3e7d2a016b124"
    integrity sha1-3SNwNQ6vcnfeXtVZQOPn0qAWsSQ=
    dependencies:
      "@types/createjs-lib" "*"
      "@types/preloadjs" "*"
  
  "@types/tweenjs@*", "@types/tweenjs@^1.0.0":
    version "1.0.0"
    resolved "https://registry.yarnpkg.com/@types/tweenjs/-/tweenjs-1.0.0.tgz#a27b9e6abe27bac19ebbdb7de1d98c31ac40c064"
    integrity sha512-qn0yChkBM0uCDdovXCyZT+HREWP5PaPWrGBuQZ0GIANHZ4E4PZ35vrczagmTyewRwTFJ82/TcYQAvozjNmfcTw==
    dependencies:
      "@types/createjs-lib" "*"
  
  easeljs@^1.0.2:
    version "1.0.2"
    resolved "https://registry.yarnpkg.com/easeljs/-/easeljs-1.0.2.tgz#68fdcc69d0f217394e2ebf51ae047428a81240de"
    integrity sha512-PQTsiud32vrUIqZCbynjOJjCzoEp0xH+MRusRCdsZ1MzL4LCE2vp4Sa5cr6aShB3mK4vMZ8LFPnts4xuFhjEmg==
  
  preloadjs@^1.0.1:
    version "1.0.1"
    resolved "https://registry.yarnpkg.com/preloadjs/-/preloadjs-1.0.1.tgz#71d14e94a8c94b1f6def2b01891d6bcd7e788c5d"
    integrity sha512-XwdxL9bfoq9abJU4lVBJDVgbxWvQOk/BbuwXKEEG5BaduY7S8N1VXX4My5PM/UwW6Xf4uWAvWzwWlzb20uECxQ==
  
  soundjs@^1.0.1:
    version "1.0.1"
    resolved "https://registry.yarnpkg.com/soundjs/-/soundjs-1.0.1.tgz#99970542d28d0df2a1ebd061ae75c961a98c8180"
    integrity sha512-MgFPvmKYfpcNiE3X5XybNvScie3DMQlZgmNzUn4puBcpw64f4LqjH/fhM8Sb/eTJ8hK57Crr7mWy0bfJOqPj6Q==
  
  tweenjs@^1.0.2:
    version "1.0.2"
    resolved "https://registry.yarnpkg.com/tweenjs/-/tweenjs-1.0.2.tgz#768869c4d4ba91fdb4c5ccc661969c58138555af"
    integrity sha512-WnFozCNkUkmJtLqJyGrToxVojW2Srzudktr8BzFKQijQRVcmlq7Fc+qfo75ccnwIJGiRWbXKfg7qU67Tzbb1bg==
